openshift-install create ignition-configs --log-level=debug
DEBUG OpenShift Installer 4.12.1
DEBUG Built from commit 303c9d494a1503c134b92b15c5da8ac8ca01295d
DEBUG Fetching Kubeconfig Admin Client...
DEBUG Loading Kubeconfig Admin Client...
DEBUG   Loading Certificate (admin-kubeconfig-client)...
DEBUG     Loading Certificate (admin-kubeconfig-signer)...
DEBUG   Loading Certificate (kube-apiserver-complete-server-ca-bundle)...
DEBUG     Loading Certificate (kube-apiserver-localhost-ca-bundle)...
DEBUG       Loading Certificate (kube-apiserver-localhost-signer)...
DEBUG     Loading Certificate (kube-apiserver-service-network-ca-bundle)...
DEBUG       Loading Certificate (kube-apiserver-service-network-signer)...
DEBUG     Loading Certificate (kube-apiserver-lb-ca-bundle)...
DEBUG       Loading Certificate (kube-apiserver-lb-signer)...
DEBUG   Loading Install Config...
DEBUG     Loading SSH Key...
DEBUG     Loading Base Domain...
DEBUG       Loading Platform...
DEBUG     Loading Cluster Name...
DEBUG       Loading Base Domain...
DEBUG       Loading Platform...
DEBUG     Loading Networking...
DEBUG       Loading Platform...
DEBUG     Loading Pull Secret...
DEBUG     Loading Platform...
DEBUG   Using Install Config loaded from state file
DEBUG   Fetching Certificate (admin-kubeconfig-client)...
DEBUG     Fetching Certificate (admin-kubeconfig-signer)...
DEBUG     Generating Certificate (admin-kubeconfig-signer)...
DEBUG   Generating Certificate (admin-kubeconfig-client)...
DEBUG   Fetching Certificate (kube-apiserver-complete-server-ca-bundle)...
DEBUG     Fetching Certificate (kube-apiserver-localhost-ca-bundle)...
DEBUG       Fetching Certificate (kube-apiserver-localhost-signer)...
DEBUG       Generating Certificate (kube-apiserver-localhost-signer)...
DEBUG     Generating Certificate (kube-apiserver-localhost-ca-bundle)...
DEBUG     Fetching Certificate (kube-apiserver-service-network-ca-bundle)...
DEBUG       Fetching Certificate (kube-apiserver-service-network-signer)...
DEBUG       Generating Certificate (kube-apiserver-service-network-signer)...
DEBUG     Generating Certificate (kube-apiserver-service-network-ca-bundle)...
DEBUG     Fetching Certificate (kube-apiserver-lb-ca-bundle)...
DEBUG       Fetching Certificate (kube-apiserver-lb-signer)...
DEBUG       Generating Certificate (kube-apiserver-lb-signer)...
DEBUG     Generating Certificate (kube-apiserver-lb-ca-bundle)...
DEBUG   Generating Certificate (kube-apiserver-complete-server-ca-bundle)...
DEBUG   Fetching Install Config...
DEBUG   Reusing previously-fetched Install Config
DEBUG Generating Kubeconfig Admin Client...
DEBUG Fetching Kubeadmin Password...
DEBUG Loading Kubeadmin Password...
DEBUG Using Kubeadmin Password loaded from state file
DEBUG Reusing previously-fetched Kubeadmin Password
DEBUG Fetching Master Ignition Config...
DEBUG Loading Master Ignition Config...
DEBUG   Loading Install Config...
DEBUG   Loading Root CA...
DEBUG   Using Root CA loaded from state file
DEBUG Using Master Ignition Config loaded from state file
DEBUG Reusing previously-fetched Master Ignition Config
DEBUG Fetching Worker Ignition Config...
DEBUG Loading Worker Ignition Config...
DEBUG   Loading Install Config...
DEBUG   Loading Root CA...
DEBUG Using Worker Ignition Config loaded from state file
DEBUG Reusing previously-fetched Worker Ignition Config
DEBUG Fetching Bootstrap Ignition Config...
DEBUG Loading Bootstrap Ignition Config...
DEBUG   Loading Ironic bootstrap credentials...
DEBUG   Loading CVO Ignore...
DEBUG     Loading Common Manifests...
DEBUG       Loading Cluster ID...
DEBUG         Loading Install Config...
DEBUG       Using Cluster ID loaded from state file
DEBUG       Loading Install Config...
DEBUG       Loading Ingress Config...
DEBUG         Loading Install Config...
DEBUG       Using Ingress Config loaded from state file
DEBUG       Loading DNS Config...
DEBUG         Loading Install Config...
DEBUG         Loading Cluster ID...
DEBUG         Loading Platform Credentials Check...
DEBUG           Loading Install Config...
DEBUG         Using Platform Credentials Check loaded from state file
DEBUG       Using DNS Config loaded from state file
DEBUG       Loading Infrastructure Config...
DEBUG         Loading Cluster ID...
DEBUG         Loading Install Config...
DEBUG         Loading Cloud Provider Config...
DEBUG           Loading Install Config...
DEBUG           Loading Cluster ID...
DEBUG           Loading Platform Credentials Check...
DEBUG         Using Cloud Provider Config loaded from state file
DEBUG         Loading Additional Trust Bundle Config...
DEBUG           Loading Install Config...
DEBUG         Using Additional Trust Bundle Config loaded from state file
DEBUG       Using Infrastructure Config loaded from state file
DEBUG       Loading Network Config...
DEBUG         Loading Install Config...
DEBUG         Loading Network CRDs...
DEBUG         Using Network CRDs loaded from state file
DEBUG       Using Network Config loaded from state file
DEBUG       Loading Proxy Config...
DEBUG         Loading Install Config...
DEBUG         Loading Network Config...
DEBUG       Using Proxy Config loaded from state file
DEBUG       Loading Scheduler Config...
DEBUG         Loading Install Config...
DEBUG       Using Scheduler Config loaded from state file
DEBUG       Loading Image Content Source Policy...
DEBUG         Loading Install Config...
DEBUG       Using Image Content Source Policy loaded from state file
DEBUG       Loading Root CA...
DEBUG       Loading Certificate (mcs)...
DEBUG         Loading Root CA...
DEBUG         Loading Install Config...
DEBUG       Using Certificate (mcs) loaded from state file
DEBUG       Loading CVOOverrides...
DEBUG       Using CVOOverrides loaded from state file
DEBUG       Loading KubeCloudConfig...
DEBUG       Using KubeCloudConfig loaded from state file
DEBUG       Loading KubeSystemConfigmapRootCA...
DEBUG       Using KubeSystemConfigmapRootCA loaded from state file
DEBUG       Loading MachineConfigServerTLSSecret...
DEBUG       Using MachineConfigServerTLSSecret loaded from state file
DEBUG       Loading OpenshiftConfigSecretPullSecret...
DEBUG       Using OpenshiftConfigSecretPullSecret loaded from state file
DEBUG     Loading Common Manifests from both state file and target directory
DEBUG     Using Common Manifests loaded from target directory
DEBUG     Loading Openshift Manifests...
DEBUG       Loading Install Config...
DEBUG       Loading Cluster ID...
DEBUG       Loading Kubeadmin Password...
DEBUG       Loading OpenShift Install (Manifests)...
DEBUG       Loading OpenShift Install (Manifests) from both state file and target directory
DEBUG       On-disk OpenShift Install (Manifests) matches asset in state file
DEBUG       Using OpenShift Install (Manifests) loaded from state file
DEBUG       Loading Feature Gate Config...
DEBUG         Loading Install Config...
DEBUG       Using Feature Gate Config loaded from state file
DEBUG       Loading CloudCredsSecret...
DEBUG       Using CloudCredsSecret loaded from state file
DEBUG       Loading KubeadminPasswordSecret...
DEBUG       Using KubeadminPasswordSecret loaded from state file
DEBUG       Loading RoleCloudCredsSecretReader...
DEBUG       Using RoleCloudCredsSecretReader loaded from state file
DEBUG       Loading Baremetal Config CR...
DEBUG       Using Baremetal Config CR loaded from state file
DEBUG       Loading Image...
DEBUG         Loading Install Config...
DEBUG       Using Image loaded from state file
DEBUG       Loading AzureCloudProviderSecret...
DEBUG       Using AzureCloudProviderSecret loaded from state file
DEBUG     Loading Openshift Manifests from both state file and target directory
DEBUG     On-disk Openshift Manifests matches asset in state file
DEBUG     Using Openshift Manifests loaded from state file
DEBUG   Loading Install Config...
DEBUG   Loading Kubeconfig Admin Internal Client...
DEBUG     Loading Certificate (admin-kubeconfig-client)...
DEBUG     Loading Certificate (kube-apiserver-complete-server-ca-bundle)...
DEBUG     Loading Install Config...
DEBUG   Loading Kubeconfig Kubelet...
DEBUG     Loading Certificate (kube-apiserver-complete-server-ca-bundle)...
DEBUG     Loading Certificate (kubelet-client)...
DEBUG       Loading Certificate (kubelet-bootstrap-kubeconfig-signer)...
DEBUG     Loading Install Config...
DEBUG   Loading Kubeconfig Admin Client (Loopback)...
DEBUG     Loading Certificate (admin-kubeconfig-client)...
DEBUG     Loading Certificate (kube-apiserver-localhost-ca-bundle)...
DEBUG     Loading Install Config...
DEBUG   Loading Master Ignition Customization Check...
DEBUG     Loading Install Config...
DEBUG     Loading Root CA...
DEBUG     Loading Master Ignition Config...
DEBUG   Loading Worker Ignition Customization Check...
DEBUG     Loading Install Config...
DEBUG     Loading Root CA...
DEBUG     Loading Worker Ignition Config...
DEBUG   Loading Master Machines...
DEBUG     Loading Cluster ID...
DEBUG     Loading Platform Credentials Check...
DEBUG     Loading Install Config...
DEBUG     Loading Image...
DEBUG     Loading Master Ignition Config...
DEBUG   Loading Master Machines from both state file and target directory
DEBUG   Using Master Machines loaded from target directory
DEBUG   Loading Worker Machines...
DEBUG     Loading Cluster ID...
DEBUG     Loading Platform Credentials Check...
DEBUG     Loading Install Config...
DEBUG     Loading Image...
DEBUG     Loading Release...
DEBUG       Loading Install Config...
DEBUG     Using Release loaded from state file
DEBUG     Loading Worker Ignition Config...
DEBUG   Loading Worker Machines from both state file and target directory
DEBUG   Using Worker Machines loaded from target directory
DEBUG   Loading Common Manifests...
DEBUG   Loading Openshift Manifests...
DEBUG   Loading Proxy Config...
DEBUG   Loading Certificate (admin-kubeconfig-ca-bundle)...
DEBUG     Loading Certificate (admin-kubeconfig-signer)...
DEBUG   Loading Certificate (aggregator)...
DEBUG   Loading Certificate (aggregator-ca-bundle)...
DEBUG     Loading Certificate (aggregator-signer)...
DEBUG   Loading Certificate (system:kube-apiserver-proxy)...
DEBUG     Loading Certificate (aggregator-signer)...
DEBUG   Loading Certificate (aggregator-signer)...
DEBUG   Loading Certificate (system:kube-apiserver-proxy)...
DEBUG     Loading Certificate (aggregator)...
DEBUG   Loading Bootstrap SSH Key Pair...
DEBUG   Loading User-provided Service Account Signing key...
DEBUG   Loading Cloud Provider CA Bundle...
DEBUG     Loading Install Config...
DEBUG   Loading Certificate (journal-gatewayd)...
DEBUG     Loading Root CA...
DEBUG   Loading Certificate (kube-apiserver-lb-ca-bundle)...
DEBUG   Loading Certificate (kube-apiserver-external-lb-server)...
DEBUG     Loading Certificate (kube-apiserver-lb-signer)...
DEBUG     Loading Install Config...
DEBUG   Loading Certificate (kube-apiserver-internal-lb-server)...
DEBUG     Loading Certificate (kube-apiserver-lb-signer)...
DEBUG     Loading Install Config...
DEBUG   Loading Certificate (kube-apiserver-lb-signer)...
DEBUG   Loading Certificate (kube-apiserver-localhost-ca-bundle)...
DEBUG   Loading Certificate (kube-apiserver-localhost-server)...
DEBUG     Loading Certificate (kube-apiserver-localhost-signer)...
DEBUG   Loading Certificate (kube-apiserver-localhost-signer)...
DEBUG   Loading Certificate (kube-apiserver-service-network-ca-bundle)...
DEBUG   Loading Certificate (kube-apiserver-service-network-server)...
DEBUG     Loading Certificate (kube-apiserver-service-network-signer)...
DEBUG     Loading Install Config...
DEBUG   Loading Certificate (kube-apiserver-service-network-signer)...
DEBUG   Loading Certificate (kube-apiserver-complete-server-ca-bundle)...
DEBUG   Loading Certificate (kube-apiserver-complete-client-ca-bundle)...
DEBUG     Loading Certificate (admin-kubeconfig-ca-bundle)...
DEBUG     Loading Certificate (kubelet-client-ca-bundle)...
DEBUG       Loading Certificate (kubelet-signer)...
DEBUG     Loading Certificate (kube-control-plane-ca-bundle)...
DEBUG       Loading Certificate (kube-control-plane-signer)...
DEBUG       Loading Certificate (kube-apiserver-lb-signer)...
DEBUG       Loading Certificate (kube-apiserver-localhost-signer)...
DEBUG       Loading Certificate (kube-apiserver-service-network-signer)...
DEBUG     Loading Certificate (kube-apiserver-to-kubelet-ca-bundle)...
DEBUG       Loading Certificate (kube-apiserver-to-kubelet-signer)...
DEBUG     Loading Certificate (kubelet-bootstrap-kubeconfig-ca-bundle)...
DEBUG       Loading Certificate (kubelet-bootstrap-kubeconfig-signer)...
DEBUG   Loading Certificate (kube-apiserver-to-kubelet-ca-bundle)...
DEBUG   Loading Certificate (kube-apiserver-to-kubelet-client)...
DEBUG     Loading Certificate (kube-apiserver-to-kubelet-signer)...
DEBUG   Loading Certificate (kube-apiserver-to-kubelet-signer)...
DEBUG   Loading Certificate (kube-control-plane-ca-bundle)...
DEBUG   Loading Certificate (kube-control-plane-kube-controller-manager-client)...
DEBUG     Loading Certificate (kube-control-plane-signer)...
DEBUG   Loading Certificate (kube-control-plane-kube-scheduler-client)...
DEBUG     Loading Certificate (kube-control-plane-signer)...
DEBUG   Loading Certificate (kube-control-plane-signer)...
DEBUG   Loading Certificate (kubelet-bootstrap-kubeconfig-ca-bundle)...
DEBUG   Loading Certificate (kubelet-client-ca-bundle)...
DEBUG   Loading Certificate (kubelet-client)...
DEBUG   Loading Certificate (kubelet-signer)...
DEBUG   Loading Certificate (kubelet-serving-ca-bundle)...
DEBUG     Loading Certificate (kubelet-signer)...
DEBUG   Loading Certificate (mcs)...
DEBUG   Loading Root CA...
DEBUG   Loading Key Pair (service-account.pub)...
DEBUG   Loading Release Image Pull Spec...
DEBUG   Loading Image...
DEBUG   Fetching Ironic bootstrap credentials...
DEBUG   Generating Ironic bootstrap credentials...
DEBUG   Fetching CVO Ignore...
DEBUG     Fetching Common Manifests...
DEBUG     Reusing previously-fetched Common Manifests
DEBUG     Fetching Openshift Manifests...
DEBUG     Reusing previously-fetched Openshift Manifests
DEBUG   Generating CVO Ignore...
DEBUG   Fetching Install Config...
DEBUG   Reusing previously-fetched Install Config
DEBUG   Fetching Kubeconfig Admin Internal Client...
DEBUG     Fetching Certificate (admin-kubeconfig-client)...
DEBUG     Reusing previously-fetched Certificate (admin-kubeconfig-client)
DEBUG     Fetching Certificate (kube-apiserver-complete-server-ca-bundle)...
DEBUG     Reusing previously-fetched Certificate (kube-apiserver-complete-server-ca-bundle)
DEBUG     Fetching Install Config...
DEBUG     Reusing previously-fetched Install Config
DEBUG   Generating Kubeconfig Admin Internal Client...
DEBUG   Fetching Kubeconfig Kubelet...
DEBUG     Fetching Certificate (kube-apiserver-complete-server-ca-bundle)...
DEBUG     Reusing previously-fetched Certificate (kube-apiserver-complete-server-ca-bundle)
DEBUG     Fetching Certificate (kubelet-client)...
DEBUG       Fetching Certificate (kubelet-bootstrap-kubeconfig-signer)...
DEBUG       Generating Certificate (kubelet-bootstrap-kubeconfig-signer)...
DEBUG     Generating Certificate (kubelet-client)...
DEBUG     Fetching Install Config...
DEBUG     Reusing previously-fetched Install Config
DEBUG   Generating Kubeconfig Kubelet...
DEBUG   Fetching Kubeconfig Admin Client (Loopback)...
DEBUG     Fetching Certificate (admin-kubeconfig-client)...
DEBUG     Reusing previously-fetched Certificate (admin-kubeconfig-client)
DEBUG     Fetching Certificate (kube-apiserver-localhost-ca-bundle)...
DEBUG     Reusing previously-fetched Certificate (kube-apiserver-localhost-ca-bundle)
DEBUG     Fetching Install Config...
DEBUG     Reusing previously-fetched Install Config
DEBUG   Generating Kubeconfig Admin Client (Loopback)...
DEBUG   Fetching Master Ignition Customization Check...
DEBUG     Fetching Install Config...
DEBUG     Reusing previously-fetched Install Config
DEBUG     Fetching Root CA...
DEBUG     Reusing previously-fetched Root CA
DEBUG     Fetching Master Ignition Config...
DEBUG     Reusing previously-fetched Master Ignition Config
DEBUG   Generating Master Ignition Customization Check...
DEBUG   Fetching Worker Ignition Customization Check...
DEBUG     Fetching Install Config...
DEBUG     Reusing previously-fetched Install Config
DEBUG     Fetching Root CA...
DEBUG     Reusing previously-fetched Root CA
DEBUG     Fetching Worker Ignition Config...
DEBUG     Reusing previously-fetched Worker Ignition Config
DEBUG   Generating Worker Ignition Customization Check...
DEBUG   Fetching Master Machines...
DEBUG   Reusing previously-fetched Master Machines
DEBUG   Fetching Worker Machines...
DEBUG   Reusing previously-fetched Worker Machines
DEBUG   Fetching Common Manifests...
DEBUG   Reusing previously-fetched Common Manifests
DEBUG   Fetching Openshift Manifests...
DEBUG   Reusing previously-fetched Openshift Manifests
DEBUG   Fetching Proxy Config...
DEBUG   Reusing previously-fetched Proxy Config
DEBUG   Fetching Certificate (admin-kubeconfig-ca-bundle)...
DEBUG     Fetching Certificate (admin-kubeconfig-signer)...
DEBUG     Reusing previously-fetched Certificate (admin-kubeconfig-signer)
DEBUG   Generating Certificate (admin-kubeconfig-ca-bundle)...
DEBUG   Fetching Certificate (aggregator)...
DEBUG   Generating Certificate (aggregator)...
DEBUG   Fetching Certificate (aggregator-ca-bundle)...
DEBUG     Fetching Certificate (aggregator-signer)...
DEBUG     Generating Certificate (aggregator-signer)...
DEBUG   Generating Certificate (aggregator-ca-bundle)...
DEBUG   Fetching Certificate (system:kube-apiserver-proxy)...
DEBUG     Fetching Certificate (aggregator-signer)...
DEBUG     Reusing previously-fetched Certificate (aggregator-signer)
DEBUG   Generating Certificate (system:kube-apiserver-proxy)...
DEBUG   Fetching Certificate (aggregator-signer)...
DEBUG   Reusing previously-fetched Certificate (aggregator-signer)
DEBUG   Fetching Certificate (system:kube-apiserver-proxy)...
DEBUG     Fetching Certificate (aggregator)...
DEBUG     Reusing previously-fetched Certificate (aggregator)
DEBUG   Generating Certificate (system:kube-apiserver-proxy)...
DEBUG   Fetching Bootstrap SSH Key Pair...
DEBUG   Generating Bootstrap SSH Key Pair...
DEBUG   Fetching User-provided Service Account Signing key...
DEBUG   Generating User-provided Service Account Signing key...
DEBUG   Fetching Cloud Provider CA Bundle...
DEBUG     Fetching Install Config...
DEBUG     Reusing previously-fetched Install Config
DEBUG   Generating Cloud Provider CA Bundle...
DEBUG   Fetching Certificate (journal-gatewayd)...
DEBUG     Fetching Root CA...
DEBUG     Reusing previously-fetched Root CA
DEBUG   Generating Certificate (journal-gatewayd)...
DEBUG   Fetching Certificate (kube-apiserver-lb-ca-bundle)...
DEBUG   Reusing previously-fetched Certificate (kube-apiserver-lb-ca-bundle)
DEBUG   Fetching Certificate (kube-apiserver-external-lb-server)...
DEBUG     Fetching Certificate (kube-apiserver-lb-signer)...
DEBUG     Reusing previously-fetched Certificate (kube-apiserver-lb-signer)
DEBUG     Fetching Install Config...
DEBUG     Reusing previously-fetched Install Config
DEBUG   Generating Certificate (kube-apiserver-external-lb-server)...
DEBUG   Fetching Certificate (kube-apiserver-internal-lb-server)...
DEBUG     Fetching Certificate (kube-apiserver-lb-signer)...
DEBUG     Reusing previously-fetched Certificate (kube-apiserver-lb-signer)
DEBUG     Fetching Install Config...
DEBUG     Reusing previously-fetched Install Config
DEBUG   Generating Certificate (kube-apiserver-internal-lb-server)...
DEBUG   Fetching Certificate (kube-apiserver-lb-signer)...
DEBUG   Reusing previously-fetched Certificate (kube-apiserver-lb-signer)
DEBUG   Fetching Certificate (kube-apiserver-localhost-ca-bundle)...
DEBUG   Reusing previously-fetched Certificate (kube-apiserver-localhost-ca-bundle)
DEBUG   Fetching Certificate (kube-apiserver-localhost-server)...
DEBUG     Fetching Certificate (kube-apiserver-localhost-signer)...
DEBUG     Reusing previously-fetched Certificate (kube-apiserver-localhost-signer)
DEBUG   Generating Certificate (kube-apiserver-localhost-server)...
DEBUG   Fetching Certificate (kube-apiserver-localhost-signer)...
DEBUG   Reusing previously-fetched Certificate (kube-apiserver-localhost-signer)
DEBUG   Fetching Certificate (kube-apiserver-service-network-ca-bundle)...
DEBUG   Reusing previously-fetched Certificate (kube-apiserver-service-network-ca-bundle)
DEBUG   Fetching Certificate (kube-apiserver-service-network-server)...
DEBUG     Fetching Certificate (kube-apiserver-service-network-signer)...
DEBUG     Reusing previously-fetched Certificate (kube-apiserver-service-network-signer)
DEBUG     Fetching Install Config...
DEBUG     Reusing previously-fetched Install Config
DEBUG   Generating Certificate (kube-apiserver-service-network-server)...
DEBUG   Fetching Certificate (kube-apiserver-service-network-signer)...
DEBUG   Reusing previously-fetched Certificate (kube-apiserver-service-network-signer)
DEBUG   Fetching Certificate (kube-apiserver-complete-server-ca-bundle)...
DEBUG   Reusing previously-fetched Certificate (kube-apiserver-complete-server-ca-bundle)
DEBUG   Fetching Certificate (kube-apiserver-complete-client-ca-bundle)...
DEBUG     Fetching Certificate (admin-kubeconfig-ca-bundle)...
DEBUG     Reusing previously-fetched Certificate (admin-kubeconfig-ca-bundle)
DEBUG     Fetching Certificate (kubelet-client-ca-bundle)...
DEBUG       Fetching Certificate (kubelet-signer)...
DEBUG       Generating Certificate (kubelet-signer)...
DEBUG     Generating Certificate (kubelet-client-ca-bundle)...
DEBUG     Fetching Certificate (kube-control-plane-ca-bundle)...
DEBUG       Fetching Certificate (kube-control-plane-signer)...
DEBUG       Generating Certificate (kube-control-plane-signer)...
DEBUG       Fetching Certificate (kube-apiserver-lb-signer)...
DEBUG       Reusing previously-fetched Certificate (kube-apiserver-lb-signer)
DEBUG       Fetching Certificate (kube-apiserver-localhost-signer)...
DEBUG       Reusing previously-fetched Certificate (kube-apiserver-localhost-signer)
DEBUG       Fetching Certificate (kube-apiserver-service-network-signer)...
DEBUG       Reusing previously-fetched Certificate (kube-apiserver-service-network-signer)
DEBUG     Generating Certificate (kube-control-plane-ca-bundle)...
DEBUG     Fetching Certificate (kube-apiserver-to-kubelet-ca-bundle)...
DEBUG       Fetching Certificate (kube-apiserver-to-kubelet-signer)...
DEBUG       Generating Certificate (kube-apiserver-to-kubelet-signer)...
DEBUG     Generating Certificate (kube-apiserver-to-kubelet-ca-bundle)...
DEBUG     Fetching Certificate (kubelet-bootstrap-kubeconfig-ca-bundle)...
DEBUG       Fetching Certificate (kubelet-bootstrap-kubeconfig-signer)...
DEBUG       Reusing previously-fetched Certificate (kubelet-bootstrap-kubeconfig-signer)
DEBUG     Generating Certificate (kubelet-bootstrap-kubeconfig-ca-bundle)...
DEBUG   Generating Certificate (kube-apiserver-complete-client-ca-bundle)...
DEBUG   Fetching Certificate (kube-apiserver-to-kubelet-ca-bundle)...
DEBUG   Reusing previously-fetched Certificate (kube-apiserver-to-kubelet-ca-bundle)
DEBUG   Fetching Certificate (kube-apiserver-to-kubelet-client)...
DEBUG     Fetching Certificate (kube-apiserver-to-kubelet-signer)...
DEBUG     Reusing previously-fetched Certificate (kube-apiserver-to-kubelet-signer)
DEBUG   Generating Certificate (kube-apiserver-to-kubelet-client)...
DEBUG   Fetching Certificate (kube-apiserver-to-kubelet-signer)...
DEBUG   Reusing previously-fetched Certificate (kube-apiserver-to-kubelet-signer)
DEBUG   Fetching Certificate (kube-control-plane-ca-bundle)...
DEBUG   Reusing previously-fetched Certificate (kube-control-plane-ca-bundle)
DEBUG   Fetching Certificate (kube-control-plane-kube-controller-manager-client)...
DEBUG     Fetching Certificate (kube-control-plane-signer)...
DEBUG     Reusing previously-fetched Certificate (kube-control-plane-signer)
DEBUG   Generating Certificate (kube-control-plane-kube-controller-manager-client)...
DEBUG   Fetching Certificate (kube-control-plane-kube-scheduler-client)...
DEBUG     Fetching Certificate (kube-control-plane-signer)...
DEBUG     Reusing previously-fetched Certificate (kube-control-plane-signer)
DEBUG   Generating Certificate (kube-control-plane-kube-scheduler-client)...
DEBUG   Fetching Certificate (kube-control-plane-signer)...
DEBUG   Reusing previously-fetched Certificate (kube-control-plane-signer)
DEBUG   Fetching Certificate (kubelet-bootstrap-kubeconfig-ca-bundle)...
DEBUG   Reusing previously-fetched Certificate (kubelet-bootstrap-kubeconfig-ca-bundle)
DEBUG   Fetching Certificate (kubelet-client-ca-bundle)...
DEBUG   Reusing previously-fetched Certificate (kubelet-client-ca-bundle)
DEBUG   Fetching Certificate (kubelet-client)...
DEBUG   Reusing previously-fetched Certificate (kubelet-client)
DEBUG   Fetching Certificate (kubelet-signer)...
DEBUG   Reusing previously-fetched Certificate (kubelet-signer)
DEBUG   Fetching Certificate (kubelet-serving-ca-bundle)...
DEBUG     Fetching Certificate (kubelet-signer)...
DEBUG     Reusing previously-fetched Certificate (kubelet-signer)
DEBUG   Generating Certificate (kubelet-serving-ca-bundle)...
DEBUG   Fetching Certificate (mcs)...
DEBUG   Reusing previously-fetched Certificate (mcs)
DEBUG   Fetching Root CA...
DEBUG   Reusing previously-fetched Root CA
DEBUG   Fetching Key Pair (service-account.pub)...
DEBUG   Generating Key Pair (service-account.pub)...
DEBUG   Fetching Release Image Pull Spec...
DEBUG   Generating Release Image Pull Spec...
DEBUG Using internal constant for release image quay.io/openshift-release-dev/ocp-release@sha256:a4838c937bbf0902a836107476f6167e47b0340b2ad2444937c69a0a8409f896
DEBUG   Fetching Image...
DEBUG   Reusing previously-fetched Image
DEBUG Generating Bootstrap Ignition Config...
INFO Consuming Master Machines from target directory
DEBUG Purging asset "Master Machines" from disk
INFO Consuming Openshift Manifests from target directory
DEBUG Purging asset "Openshift Manifests" from disk
INFO Consuming Common Manifests from target directory
DEBUG Purging asset "Common Manifests" from disk
INFO Consuming OpenShift Install (Manifests) from target directory
DEBUG Purging asset "OpenShift Install (Manifests)" from disk
INFO Consuming Worker Machines from target directory
DEBUG Purging asset "Worker Machines" from disk
DEBUG Fetching Metadata...
DEBUG Loading Metadata...
DEBUG   Loading Cluster ID...
DEBUG   Loading Install Config...
DEBUG   Loading Bootstrap Ignition Config...
DEBUG   Fetching Cluster ID...
DEBUG   Reusing previously-fetched Cluster ID
DEBUG   Fetching Install Config...
DEBUG   Reusing previously-fetched Install Config
DEBUG   Fetching Bootstrap Ignition Config...
DEBUG   Reusing previously-fetched Bootstrap Ignition Config
DEBUG Generating Metadata...
INFO Ignition-Configs created in: . and auth
