openshift-install create manifests --log-level=debug
DEBUG OpenShift Installer 4.12.1
DEBUG Built from commit 303c9d494a1503c134b92b15c5da8ac8ca01295d
DEBUG Fetching Master Machines...
DEBUG Loading Master Machines...
DEBUG   Loading Cluster ID...
DEBUG     Loading Install Config...
DEBUG       Loading SSH Key...
DEBUG       Loading Base Domain...
DEBUG         Loading Platform...
DEBUG       Loading Cluster Name...
DEBUG         Loading Base Domain...
DEBUG         Loading Platform...
DEBUG       Loading Networking...
DEBUG         Loading Platform...
DEBUG       Loading Pull Secret...
DEBUG       Loading Platform...
DEBUG     Using Install Config loaded from target directory
DEBUG   Loading Platform Credentials Check...
DEBUG     Loading Install Config...
DEBUG   Loading Install Config...
DEBUG   Loading Image...
DEBUG     Loading Install Config...
DEBUG   Loading Master Ignition Config...
DEBUG     Loading Install Config...
DEBUG     Loading Root CA...
DEBUG   Fetching Cluster ID...
DEBUG     Fetching Install Config...
DEBUG     Reusing previously-fetched Install Config
DEBUG   Generating Cluster ID...
DEBUG   Fetching Platform Credentials Check...
DEBUG     Fetching Install Config...
DEBUG     Reusing previously-fetched Install Config
DEBUG   Generating Platform Credentials Check...
DEBUG   Fetching Install Config...
DEBUG   Reusing previously-fetched Install Config
DEBUG   Fetching Image...
DEBUG     Fetching Install Config...
DEBUG     Reusing previously-fetched Install Config
DEBUG   Generating Image...
DEBUG   Fetching Master Ignition Config...
DEBUG     Fetching Install Config...
DEBUG     Reusing previously-fetched Install Config
DEBUG     Fetching Root CA...
DEBUG     Generating Root CA...
DEBUG   Generating Master Ignition Config...
DEBUG Generating Master Machines...
INFO Consuming Install Config from target directory
DEBUG Purging asset "Install Config" from disk
DEBUG Fetching Worker Machines...
DEBUG Loading Worker Machines...
DEBUG   Loading Cluster ID...
DEBUG   Loading Platform Credentials Check...
DEBUG   Loading Install Config...
DEBUG   Loading Image...
DEBUG   Loading Release...
DEBUG     Loading Install Config...
DEBUG   Loading Worker Ignition Config...
DEBUG     Loading Install Config...
DEBUG     Loading Root CA...
DEBUG   Fetching Cluster ID...
DEBUG   Reusing previously-fetched Cluster ID
DEBUG   Fetching Platform Credentials Check...
DEBUG   Reusing previously-fetched Platform Credentials Check
DEBUG   Fetching Install Config...
DEBUG   Reusing previously-fetched Install Config
DEBUG   Fetching Image...
DEBUG   Reusing previously-fetched Image
DEBUG   Fetching Release...
DEBUG     Fetching Install Config...
DEBUG     Reusing previously-fetched Install Config
DEBUG   Generating Release...
DEBUG   Fetching Worker Ignition Config...
DEBUG     Fetching Install Config...
DEBUG     Reusing previously-fetched Install Config
DEBUG     Fetching Root CA...
DEBUG     Reusing previously-fetched Root CA
DEBUG   Generating Worker Ignition Config...
DEBUG Generating Worker Machines...
DEBUG Fetching Common Manifests...
DEBUG Loading Common Manifests...
DEBUG   Loading Cluster ID...
DEBUG   Loading Install Config...
DEBUG   Loading Ingress Config...
DEBUG     Loading Install Config...
DEBUG   Loading DNS Config...
DEBUG     Loading Install Config...
DEBUG     Loading Cluster ID...
DEBUG     Loading Platform Credentials Check...
DEBUG   Loading Infrastructure Config...
DEBUG     Loading Cluster ID...
DEBUG     Loading Install Config...
DEBUG     Loading Cloud Provider Config...
DEBUG       Loading Install Config...
DEBUG       Loading Cluster ID...
DEBUG       Loading Platform Credentials Check...
DEBUG     Loading Additional Trust Bundle Config...
DEBUG       Loading Install Config...
DEBUG   Loading Network Config...
DEBUG     Loading Install Config...
DEBUG     Loading Network CRDs...
DEBUG   Loading Proxy Config...
DEBUG     Loading Install Config...
DEBUG     Loading Network Config...
DEBUG   Loading Scheduler Config...
DEBUG     Loading Install Config...
DEBUG   Loading Image Content Source Policy...
DEBUG     Loading Install Config...
DEBUG   Loading Root CA...
DEBUG   Loading Certificate (mcs)...
DEBUG     Loading Root CA...
DEBUG     Loading Install Config...
DEBUG   Loading CVOOverrides...
DEBUG   Loading KubeCloudConfig...
DEBUG   Loading KubeSystemConfigmapRootCA...
DEBUG   Loading MachineConfigServerTLSSecret...
DEBUG   Loading OpenshiftConfigSecretPullSecret...
DEBUG   Fetching Cluster ID...
DEBUG   Reusing previously-fetched Cluster ID
DEBUG   Fetching Install Config...
DEBUG   Reusing previously-fetched Install Config
DEBUG   Fetching Ingress Config...
DEBUG     Fetching Install Config...
DEBUG     Reusing previously-fetched Install Config
DEBUG   Generating Ingress Config...
DEBUG   Fetching DNS Config...
DEBUG     Fetching Install Config...
DEBUG     Reusing previously-fetched Install Config
DEBUG     Fetching Cluster ID...
DEBUG     Reusing previously-fetched Cluster ID
DEBUG     Fetching Platform Credentials Check...
DEBUG     Reusing previously-fetched Platform Credentials Check
DEBUG   Generating DNS Config...
DEBUG   Fetching Infrastructure Config...
DEBUG     Fetching Cluster ID...
DEBUG     Reusing previously-fetched Cluster ID
DEBUG     Fetching Install Config...
DEBUG     Reusing previously-fetched Install Config
DEBUG     Fetching Cloud Provider Config...
DEBUG       Fetching Install Config...
DEBUG       Reusing previously-fetched Install Config
DEBUG       Fetching Cluster ID...
DEBUG       Reusing previously-fetched Cluster ID
DEBUG       Fetching Platform Credentials Check...
DEBUG       Reusing previously-fetched Platform Credentials Check
DEBUG     Generating Cloud Provider Config...
DEBUG     Fetching Additional Trust Bundle Config...
DEBUG       Fetching Install Config...
DEBUG       Reusing previously-fetched Install Config
DEBUG     Generating Additional Trust Bundle Config...
DEBUG   Generating Infrastructure Config...
DEBUG   Fetching Network Config...
DEBUG     Fetching Install Config...
DEBUG     Reusing previously-fetched Install Config
DEBUG     Fetching Network CRDs...
DEBUG     Generating Network CRDs...
DEBUG   Generating Network Config...
DEBUG   Fetching Proxy Config...
DEBUG     Fetching Install Config...
DEBUG     Reusing previously-fetched Install Config
DEBUG     Fetching Network Config...
DEBUG     Reusing previously-fetched Network Config
DEBUG   Generating Proxy Config...
DEBUG   Fetching Scheduler Config...
DEBUG     Fetching Install Config...
DEBUG     Reusing previously-fetched Install Config
DEBUG   Generating Scheduler Config...
WARNING Making control-plane schedulable by setting MastersSchedulable to true for Scheduler cluster settings
DEBUG   Fetching Image Content Source Policy...
DEBUG     Fetching Install Config...
DEBUG     Reusing previously-fetched Install Config
DEBUG   Generating Image Content Source Policy...
DEBUG   Fetching Root CA...
DEBUG   Reusing previously-fetched Root CA
DEBUG   Fetching Certificate (mcs)...
DEBUG     Fetching Root CA...
DEBUG     Reusing previously-fetched Root CA
DEBUG     Fetching Install Config...
DEBUG     Reusing previously-fetched Install Config
DEBUG   Generating Certificate (mcs)...
DEBUG   Fetching CVOOverrides...
DEBUG   Generating CVOOverrides...
DEBUG   Fetching KubeCloudConfig...
DEBUG   Generating KubeCloudConfig...
DEBUG   Fetching KubeSystemConfigmapRootCA...
DEBUG   Generating KubeSystemConfigmapRootCA...
DEBUG   Fetching MachineConfigServerTLSSecret...
DEBUG   Generating MachineConfigServerTLSSecret...
DEBUG   Fetching OpenshiftConfigSecretPullSecret...
DEBUG   Generating OpenshiftConfigSecretPullSecret...
DEBUG Generating Common Manifests...
DEBUG Fetching Openshift Manifests...
DEBUG Loading Openshift Manifests...
DEBUG   Loading Install Config...
DEBUG   Loading Cluster ID...
DEBUG   Loading Kubeadmin Password...
DEBUG   Loading OpenShift Install (Manifests)...
DEBUG   Loading Feature Gate Config...
DEBUG     Loading Install Config...
DEBUG   Loading CloudCredsSecret...
DEBUG   Loading KubeadminPasswordSecret...
DEBUG   Loading RoleCloudCredsSecretReader...
DEBUG   Loading Baremetal Config CR...
DEBUG   Loading Image...
DEBUG   Loading AzureCloudProviderSecret...
DEBUG   Fetching Install Config...
DEBUG   Reusing previously-fetched Install Config
DEBUG   Fetching Cluster ID...
DEBUG   Reusing previously-fetched Cluster ID
DEBUG   Fetching Kubeadmin Password...
DEBUG   Generating Kubeadmin Password...
DEBUG   Fetching OpenShift Install (Manifests)...
DEBUG   Generating OpenShift Install (Manifests)...
DEBUG   Fetching Feature Gate Config...
DEBUG     Fetching Install Config...
DEBUG     Reusing previously-fetched Install Config
DEBUG   Generating Feature Gate Config...
DEBUG   Fetching CloudCredsSecret...
DEBUG   Generating CloudCredsSecret...
DEBUG   Fetching KubeadminPasswordSecret...
DEBUG   Generating KubeadminPasswordSecret...
DEBUG   Fetching RoleCloudCredsSecretReader...
DEBUG   Generating RoleCloudCredsSecretReader...
DEBUG   Fetching Baremetal Config CR...
DEBUG   Generating Baremetal Config CR...
DEBUG   Fetching Image...
DEBUG   Reusing previously-fetched Image
DEBUG   Fetching AzureCloudProviderSecret...
DEBUG   Generating AzureCloudProviderSecret...
DEBUG Generating Openshift Manifests...
INFO Manifests created in: manifests and openshift
